#
# There is insufficient memory for the Java Runtime Environment to continue.
# Native memory allocation (mmap) failed to map 100663296 bytes for Failed to commit area from 0x00000000a1e00000 to 0x00000000a7e00000 of length 100663296.
# Possible reasons:
#   The system is out of physical RAM or swap space
#   The process is running with CompressedOops enabled, and the Java Heap may be blocking the growth of the native heap
# Possible solutions:
#   Reduce memory load on the system
#   Increase physical memory or swap space
#   Check if swap backing store is full
#   Decrease Java heap size (-Xmx/-Xms)
#   Decrease number of Java threads
#   Decrease Java thread stack sizes (-Xss)
#   Set larger code cache with -XX:ReservedCodeCacheSize=
# This output file may be truncated or incomplete.
#
#  Out of Memory Error (t:/workspace/open/src/hotspot/os/windows/os_windows.cpp:3301), pid=9436, tid=1156
#
# JRE version:  (13.0.2+8) (build )
# Java VM: Java HotSpot(TM) 64-Bit Server VM (13.0.2+8, mixed mode, aot, sharing, tiered, compressed oops, g1 gc, windows-amd64)
# No core dump will be written. Minidumps are not enabled by default on client versions of Windows
#

---------------  S U M M A R Y ------------

Command Line: -Dfile.encoding=UTF-8 com.edu.CollegeManagement.CollegeManagementApplication

Host: AMD Ryzen 5 3550H with Radeon Vega Mobile Gfx  , 8 cores, 5G,  Windows 10 , 64 bit Build 19041 (10.0.19041.1348)
Time: Sat Mar 19 10:19:27 2022 India Standard Time elapsed time: 0 seconds (0d 0h 0m 0s)

---------------  T H R E A D  ---------------

Current thread (0x000001e4fc830800):  JavaThread "Unknown thread" [_thread_in_vm, id=1156, stack(0x0000005da0000000,0x0000005da0100000)]

Stack: [0x0000005da0000000,0x0000005da0100000]
Native frames: (J=compiled Java code, j=interpreted, Vv=VM code, C=native code)
V  [jvm.dll+0x624f9a]
V  [jvm.dll+0x770cfa]
V  [jvm.dll+0x7724af]
V  [jvm.dll+0x772ab3]
V  [jvm.dll+0x24bf08]
V  [jvm.dll+0x6222aa]
V  [jvm.dll+0x6170b5]
V  [jvm.dll+0x30a88c]
V  [jvm.dll+0x30a6c2]
V  [jvm.dll+0x30fe36]
V  [jvm.dll+0x353f46]
V  [jvm.dll+0x353720]
V  [jvm.dll+0x2e550a]
V  [jvm.dll+0x2e67a2]
V  [jvm.dll+0x74dd78]
V  [jvm.dll+0x361989]
V  [jvm.dll+0x730e65]
V  [jvm.dll+0x3cc53f]
V  [jvm.dll+0x3ce861]
C  [jli.dll+0x51ff]
C  [ucrtbase.dll+0x21bb2]
C  [KERNEL32.DLL+0x17034]
C  [ntdll.dll+0x52651]


---------------  P R O C E S S  ---------------

Threads class SMR info:
_java_thread_list=0x00007ffe5b28ccb8, length=0, elements={
}

Java Threads: ( => current thread )

Other Threads:
  0x000001e4fc86a000 GCTaskThread "GC Thread#0" [stack: 0x0000005da0100000,0x0000005da0200000] [id=13356]
  0x000001e4fc879000 ConcurrentGCThread "G1 Main Marker" [stack: 0x0000005da0200000,0x0000005da0300000] [id=17396]
  0x000001e4fc87e800 ConcurrentGCThread "G1 Conc#0" [stack: 0x0000005da0300000,0x0000005da0400000] [id=7408]

[error occurred during error reporting (printing all threads), id 0xc0000005, EXCEPTION_ACCESS_VIOLATION (0xc0000005) at pc=0x00007ffe5aac51d7]

VM state:not at safepoint (not fully initialized)

VM Mutex/Monitor currently owned by a thread:  ([mutex/lock_event])
[0x000001e4fc82ce90] Heap_lock - owner thread: 0x000001e4fc830800

Heap address: 0x00000000a1e00000, size: 1506 MB, Compressed Oops mode: Non-zero based: 0x00000000a1e00000
Narrow klass base: 0x0000000000000000, Narrow klass shift: 0

GC Heap History (0 events):
No events

Deoptimization events (0 events):
No events

Classes unloaded (0 events):
No events

Classes redefined (0 events):
No events

Internal exceptions (0 events):
No events

Events (8 events):
Event: 0.040 Loaded shared library C:\Program Files\Java\jdk-13.0.2\bin\zip.dll
Event: 0.044 Loaded shared library C:\Program Files\Java\jdk-13.0.2\bin\jimage.dll
Event: 0.047 Loading shared library C:\Program Files\Java\jdk-13.0.2\lib\libjava.base-coop.dll failed, error code 126
Event: 0.047 Loading shared library C:\Program Files\Java\jdk-13.0.2\lib\libjava.logging-coop.dll failed, error code 126
Event: 0.048 Loading shared library C:\Program Files\Java\jdk-13.0.2\lib\libjdk.compiler-coop.dll failed, error code 126
Event: 0.048 Loading shared library C:\Program Files\Java\jdk-13.0.2\lib\libjdk.scripting.nashorn-coop.dll failed, error code 126
Event: 0.048 Loading shared library C:\Program Files\Java\jdk-13.0.2\lib\libjdk.internal.vm.ci-coop.dll failed, error code 126
Event: 0.048 Loading shared library C:\Program Files\Java\jdk-13.0.2\lib\libjdk.internal.vm.compiler-coop.dll failed, error code 126


Dynamic libraries:
0x00007ff6364c0000 - 0x00007ff6364cf000 	C:\Program Files\Java\jdk-13.0.2\bin\javaw.exe
0x00007ffebc670000 - 0x00007ffebc865000 	C:\WINDOWS\SYSTEM32\ntdll.dll
0x00007ffeba890000 - 0x00007ffeba94e000 	C:\WINDOWS\System32\KERNEL32.DLL
0x00007ffeb9e60000 - 0x00007ffeba128000 	C:\WINDOWS\System32\KERNELBASE.dll
0x00007ffeb76c0000 - 0x00007ffeb7750000 	C:\WINDOWS\SYSTEM32\apphelp.dll
0x00007ffeba130000 - 0x00007ffeba230000 	C:\WINDOWS\System32\ucrtbase.dll
0x00007ffe9e000000 - 0x00007ffe9e015000 	C:\Program Files\Java\jdk-13.0.2\bin\VCRUNTIME140.dll
0x00007ffeb56f0000 - 0x00007ffeb5708000 	C:\Program Files\Java\jdk-13.0.2\bin\jli.dll
0x00007ffebaf40000 - 0x00007ffebafec000 	C:\WINDOWS\System32\ADVAPI32.dll
0x00007ffebb3b0000 - 0x00007ffebb44e000 	C:\WINDOWS\System32\msvcrt.dll
0x00007ffebb960000 - 0x00007ffebb9fb000 	C:\WINDOWS\System32\sechost.dll
0x00007ffebc240000 - 0x00007ffebc36a000 	C:\WINDOWS\System32\RPCRT4.dll
0x00007ffebb450000 - 0x00007ffebb5f1000 	C:\WINDOWS\System32\USER32.dll
0x00007ffeb9e30000 - 0x00007ffeb9e52000 	C:\WINDOWS\System32\win32u.dll
0x00007ffebc210000 - 0x00007ffebc23b000 	C:\WINDOWS\System32\GDI32.dll
0x00007ffea3780000 - 0x00007ffea3a1a000 	C:\WINDOWS\WinSxS\amd64_microsoft.windows.common-controls_6595b64144ccf1df_6.0.19041.1110_none_60b5254171f9507e\COMCTL32.dll
0x00007ffeba230000 - 0x00007ffeba33d000 	C:\WINDOWS\System32\gdi32full.dll
0x00007ffeba580000 - 0x00007ffeba61d000 	C:\WINDOWS\System32\msvcp_win.dll
0x00007ffeb07b0000 - 0x00007ffeb07ba000 	C:\WINDOWS\SYSTEM32\VERSION.dll
0x00007ffebb930000 - 0x00007ffebb960000 	C:\WINDOWS\System32\IMM32.DLL
0x00007ffe9d430000 - 0x00007ffe9d4cb000 	C:\Program Files\Java\jdk-13.0.2\bin\msvcp140.dll
0x00007ffe5a7d0000 - 0x00007ffe5b32d000 	C:\Program Files\Java\jdk-13.0.2\bin\server\jvm.dll
0x00007ffebc200000 - 0x00007ffebc208000 	C:\WINDOWS\System32\PSAPI.DLL
0x00007ffeb0550000 - 0x00007ffeb0577000 	C:\WINDOWS\SYSTEM32\WINMM.dll
0x00007ffe59c60000 - 0x00007ffe59c69000 	C:\WINDOWS\SYSTEM32\WSOCK32.dll
0x00007ffebb730000 - 0x00007ffebb79b000 	C:\WINDOWS\System32\WS2_32.dll
0x00007ffeb7c60000 - 0x00007ffeb7c72000 	C:\WINDOWS\SYSTEM32\kernel.appcore.dll
0x00007ffeb5c70000 - 0x00007ffeb5c80000 	C:\Program Files\Java\jdk-13.0.2\bin\verify.dll
0x00007ffea77e0000 - 0x00007ffea79c4000 	C:\WINDOWS\SYSTEM32\DBGHELP.DLL
0x00007ffea2f70000 - 0x00007ffea2f9c000 	C:\WINDOWS\SYSTEM32\dbgcore.DLL
0x00007ffeba620000 - 0x00007ffeba6a2000 	C:\WINDOWS\System32\bcryptPrimitives.dll
0x00007ffea3f30000 - 0x00007ffea3f56000 	C:\Program Files\Java\jdk-13.0.2\bin\java.dll
0x00007ffeb3cf0000 - 0x00007ffeb3d07000 	C:\Program Files\Java\jdk-13.0.2\bin\zip.dll
0x00007ffeb5be0000 - 0x00007ffeb5bea000 	C:\Program Files\Java\jdk-13.0.2\bin\jimage.dll

dbghelp: loaded successfully - version: 4.0.5 - missing functions: none
symbol engine: initialized successfully - sym options: 0x614 - pdb path: .;C:\Program Files\Java\jdk-13.0.2\bin;C:\WINDOWS\SYSTEM32;C:\WINDOWS\WinSxS\amd64_microsoft.windows.common-controls_6595b64144ccf1df_6.0.19041.1110_none_60b5254171f9507e;C:\Program Files\Java\jdk-13.0.2\bin\server

VM Arguments:
jvm_args: -Dfile.encoding=UTF-8 
java_command: com.edu.CollegeManagement.CollegeManagementApplication
java_class_path (initial): C:\Users\patil\OneDrive\Desktop\CollegeManagement\target\classes;C:\Users\patil\.m2\repository\org\springframework\boot\spring-boot-starter-data-jpa\2.6.3\spring-boot-starter-data-jpa-2.6.3.jar;C:\Users\patil\.m2\repository\org\springframework\boot\spring-boot-starter-aop\2.6.3\spring-boot-starter-aop-2.6.3.jar;C:\Users\patil\.m2\repository\org\aspectj\aspectjweaver\1.9.7\aspectjweaver-1.9.7.jar;C:\Users\patil\.m2\repository\org\springframework\boot\spring-boot-starter-jdbc\2.6.3\spring-boot-starter-jdbc-2.6.3.jar;C:\Users\patil\.m2\repository\com\zaxxer\HikariCP\4.0.3\HikariCP-4.0.3.jar;C:\Users\patil\.m2\repository\org\springframework\spring-jdbc\5.3.15\spring-jdbc-5.3.15.jar;C:\Users\patil\.m2\repository\jakarta\transaction\jakarta.transaction-api\1.3.3\jakarta.transaction-api-1.3.3.jar;C:\Users\patil\.m2\repository\jakarta\persistence\jakarta.persistence-api\2.2.3\jakarta.persistence-api-2.2.3.jar;C:\Users\patil\.m2\repository\org\hibernate\hibernate-core\5.6.4.Final\hibernate-core-5.6.4.Final.jar;C:\Users\patil\.m2\repository\org\jboss\logging\jboss-logging\3.4.3.Final\jboss-logging-3.4.3.Final.jar;C:\Users\patil\.m2\repository\net\bytebuddy\byte-buddy\1.11.22\byte-buddy-1.11.22.jar;C:\Users\patil\.m2\repository\antlr\antlr\2.7.7\antlr-2.7.7.jar;C:\Users\patil\.m2\repository\org\jboss\jandex\2.4.2.Final\jandex-2.4.2.Final.jar;C:\Users\patil\.m2\repository\com\fasterxml\classmate\1.5.1\classmate-1.5.1.jar;C:\Users\patil\.m2\repository\org\hibernate\common\hibernate-commons-annotations\5.1.2.Final\hibernate-commons-annotations-5.1.2.Final.jar;C:\Users\patil\.m2\repository\org\glassfish\jaxb\jaxb-runtime\2.3.5\jaxb-runtime-2.3.5.jar;C:\Users\patil\.m2\repository\org\glassfish\jaxb\txw2\2.3.5\txw2-2.3.5.jar;C:\Users\patil\.m2\repository\com\sun\istack\istack-commons-runtime\3.0.12\istack-commons-runtime-3.0.12.jar;C:\Users\patil\.m2\repository\com\sun\activation\jakarta.activation\1.2.2\jakarta.activation-1.2.2.jar;C:\Users\patil\.m2\re
Launcher Type: SUN_STANDARD

[Global flags]
     intx CICompilerCount                          = 4                                         {product} {ergonomic}
     uint ConcGCThreads                            = 2                                         {product} {ergonomic}
     uint G1ConcRefinementThreads                  = 8                                         {product} {ergonomic}
   size_t G1HeapRegionSize                         = 1048576                                   {product} {ergonomic}
    uintx GCDrainStackTargetSize                   = 64                                        {product} {ergonomic}
   size_t InitialHeapSize                          = 100663296                                 {product} {ergonomic}
   size_t MarkStackSize                            = 4194304                                   {product} {ergonomic}
   size_t MaxHeapSize                              = 1579155456                                {product} {ergonomic}
   size_t MinHeapDeltaBytes                        = 1048576                                   {product} {ergonomic}
   size_t MinHeapSize                              = 8388608                                   {product} {ergonomic}
    uintx NonNMethodCodeHeapSize                   = 5839372                                {pd product} {ergonomic}
    uintx NonProfiledCodeHeapSize                  = 122909434                              {pd product} {ergonomic}
    uintx ProfiledCodeHeapSize                     = 122909434                              {pd product} {ergonomic}
    uintx ReservedCodeCacheSize                    = 251658240                              {pd product} {ergonomic}
     bool SegmentedCodeCache                       = true                                      {product} {ergonomic}
   size_t SoftMaxHeapSize                          = 1579155456                             {manageable} {ergonomic}
     bool UseCompressedClassPointers               = true                                 {lp64_product} {ergonomic}
     bool UseCompressedOops                        = true                                 {lp64_product} {ergonomic}
     bool UseG1GC                                  = true                                      {product} {ergonomic}
     bool UseLargePagesIndividualAllocation        = false                                  {pd product} {ergonomic}

Logging:
Log output configuration:
 #0: stdout all=warning uptime,level,tags
 #1: stderr all=off uptime,level,tags

Environment Variables:
PATH=C:/Program Files/Java/jdk-13.0.2/bin/server;C:/Program Files/Java/jdk-13.0.2/bin;C:\windows\system32;C:\windows;C:\windows\System32\Wbem;C:\windows\System32\WindowsPowerShell\v1.0\;C:\windows\System32\OpenSSH\;C:\Program Files (x86)\NVIDIA Corporation\PhysX\Common;C:\Program Files\NVIDIA Corporation\NVIDIA NvDLISR;C:\PROGRA~2\FANUC\Shared\UTILIT~1;C:\PROGRA~2\FANUC\WinOLPC\bin;C:\WINDOWS\system32;C:\WINDOWS;C:\WINDOWS\System32\Wbem;C:\WINDOWS\System32\WindowsPowerShell\v1.0\;C:\WINDOWS\System32\OpenSSH\;C:\Users\patil\AppData\Local\Microsoft\WindowsApps;C:\adb;C:\wamp64\bin\mysql\mysql5.7.26\bin;D:\java\node.js\;C:\ProgramData\chocolatey\bin;C:\Users\patil\AppData\Roaming\npm;D:\java\JarFile\Microsoft VS Code\bin;C:\Users\patil\OneDrive\Desktop;
USERNAME=patil
OS=Windows_NT
PROCESSOR_IDENTIFIER=AMD64 Family 23 Model 24 Stepping 1, AuthenticAMD



---------------  S Y S T E M  ---------------

OS: Windows 10 , 64 bit Build 19041 (10.0.19041.1348)

CPU:total 8 (initial active 8) (8 cores per cpu, 2 threads per core) family 23 model 24 stepping 1, cmov, cx8, fxsr, mmx, sse, sse2, sse3, ssse3, sse4.1, sse4.2, popcnt, avx, avx2, aes, clmul, mmxext, 3dnowpref, lzcnt, sse4a, ht, tsc, tscinvbit, tscinv, bmi1, bmi2, adx, sha, fma

Memory: 4k page, system-wide physical 6021M (1868M free)
TotalPageFile size 10373M (AvailPageFile size 58M)
current process WorkingSet (physical memory assigned to process): 10M, peak: 10M
current process commit charge ("private bytes"): 60M, peak: 156M

vm_info: Java HotSpot(TM) 64-Bit Server VM (13.0.2+8) for windows-amd64 JRE (13.0.2+8), built on Dec 11 2019 09:20:33 by "mach5one" with unknown MS VC++:1916

END.
